<?xml version="1.0" encoding="UTF-8"?>
<testng-results ignored="0" total="1" passed="1" failed="0" skipped="0">
  <reporter-output>
  </reporter-output>
  <suite started-at="2022-03-17T23:50:26 IST" name="Default suite" finished-at="2022-03-17T23:50:41 IST" duration-ms="15127">
    <groups>
    </groups>
    <test started-at="2022-03-17T23:50:26 IST" name="Default test" finished-at="2022-03-17T23:50:41 IST" duration-ms="15127">
      <class name="com.demoPractise.TestCases.LoginTest">
        <test-method is-config="true" signature="setup()[pri:0, instance:com.demoPractise.TestCases.LoginTest@2b48a640]" started-at="2022-03-17T23:50:26 IST" name="setup" finished-at="2022-03-17T23:50:28 IST" duration-ms="1248" status="PASS">
          <reporter-output>
          </reporter-output>
        </test-method> <!-- setup -->
        <test-method signature="logintest_TC01()[pri:0, instance:com.demoPractise.TestCases.LoginTest@2b48a640]" started-at="2022-03-17T23:50:28 IST" name="logintest_TC01" finished-at="2022-03-17T23:50:41 IST" duration-ms="13648" status="PASS">
          <reporter-output>
          </reporter-output>
        </test-method> <!-- logintest_TC01 -->
        <test-method is-config="true" signature="teardown()[pri:0, instance:com.demoPractise.TestCases.LoginTest@2b48a640]" started-at="2022-03-17T23:50:41 IST" name="teardown" finished-at="2022-03-17T23:50:41 IST" duration-ms="177" status="PASS">
          <reporter-output>
          </reporter-output>
        </test-method> <!-- teardown -->
      </class> <!-- com.demoPractise.TestCases.LoginTest -->
    </test> <!-- Default test -->
  </suite> <!-- Default suite -->
</testng-results>
